# JRE version: OpenJDK Runtime Environment Corretto-11.0.11.9.1 (11.0.11+9) (build 11.0.11+9-LTS)
# Java VM: OpenJDK 64-Bit Server VM Corretto-11.0.11.9.1 (11.0.11+9-LTS, mixed mode, tiered, compressed oops, g1 gc, bsd-amd64)
Heap:
 garbage-first heap   total 262144K, used 48084K [0x0000000700000000, 0x0000000800000000)
  region size 1024K, 36 young (36864K), 9 survivors (9216K)
 Metaspace       used 30414K, capacity 31004K, committed 31408K, reserved 1077248K
  class space    used 4007K, capacity 4245K, committed 4352K, reserved 1048576K
GC Heap History (8 events):
Event: 0.599 GC heap before
{Heap before GC invocations=0 (full 0):
 garbage-first heap   total 262144K, used 27648K [0x0000000700000000, 0x0000000800000000)
  region size 1024K, 24 young (24576K), 0 survivors (0K)
 Metaspace       used 11068K, capacity 11320K, committed 11392K, reserved 1058816K
  class space    used 1072K, capacity 1135K, committed 1152K, reserved 1048576K
}
Event: 0.603 GC heap after
{Heap after GC invocations=1 (full 0):
 garbage-first heap   total 262144K, used 11801K [0x0000000700000000, 0x0000000800000000)
  region size 1024K, 3 young (3072K), 3 survivors (3072K)
 Metaspace       used 11068K, capacity 11320K, committed 11392K, reserved 1058816K
  class space    used 1072K, capacity 1135K, committed 1152K, reserved 1048576K
}
Event: 6.280 GC heap before
{Heap before GC invocations=1 (full 0):
 garbage-first heap   total 262144K, used 86553K [0x0000000700000000, 0x0000000800000000)
  region size 1024K, 77 young (78848K), 3 survivors (3072K)
 Metaspace       used 20652K, capacity 21136K, committed 21296K, reserved 1069056K
  class space    used 2225K, capacity 2410K, committed 2432K, reserved 1048576K
}
Event: 6.286 GC heap after
{Heap after GC invocations=2 (full 0):
 garbage-first heap   total 262144K, used 14439K [0x0000000700000000, 0x0000000800000000)
  region size 1024K, 6 young (6144K), 6 survivors (6144K)
 Metaspace       used 20652K, capacity 21136K, committed 21296K, reserved 1069056K
  class space    used 2225K, capacity 2410K, committed 2432K, reserved 1048576K
}
Event: 6.905 GC heap before
{Heap before GC invocations=3 (full 0):
 garbage-first heap   total 262144K, used 78951K [0x0000000700000000, 0x0000000800000000)
  region size 1024K, 67 young (68608K), 6 survivors (6144K)
 Metaspace       used 22959K, capacity 23528K, committed 23856K, reserved 1071104K
  class space    used 2427K, capacity 2656K, committed 2688K, reserved 1048576K
}
Event: 6.911 GC heap after
{Heap after GC invocations=4 (full 0):
 garbage-first heap   total 262144K, used 19169K [0x0000000700000000, 0x0000000800000000)
  region size 1024K, 6 young (6144K), 6 survivors (6144K)
 Metaspace       used 22959K, capacity 23528K, committed 23856K, reserved 1071104K
  class space    used 2427K, capacity 2656K, committed 2688K, reserved 1048576K
}
Event: 485.420 GC heap before
{Heap before GC invocations=4 (full 0):
 garbage-first heap   total 262144K, used 111329K [0x0000000700000000, 0x0000000800000000)
  region size 1024K, 97 young (99328K), 6 survivors (6144K)
 Metaspace       used 30204K, capacity 30760K, committed 31280K, reserved 1077248K
  class space    used 3974K, capacity 4192K, committed 4224K, reserved 1048576K
}
Event: 485.427 GC heap after
{Heap after GC invocations=5 (full 0):
 garbage-first heap   total 262144K, used 22484K [0x0000000700000000, 0x0000000800000000)
  region size 1024K, 9 young (9216K), 9 survivors (9216K)
 Metaspace       used 30204K, capacity 30760K, committed 31280K, reserved 1077248K
  class space    used 3974K, capacity 4192K, committed 4224K, reserved 1048576K
}

